<?xml version="1.0" encoding="UTF-8"?>
<!-- Generated by org.testng.reporters.JUnitXMLReporter -->
<testsuite hostname="DESKTOP-98NP3GG" ignored="0" name="Test" tests="4" failures="0" timestamp="14 Jan 2019 11:34:03 GMT" time="12.561" errors="0">
  <testcase name="MySQLExecute" time="1.174" classname="dataBase.DBReadExcelWrite"/>
  <testcase name="ExcelRead" time="1.525" classname="dataBase.ExcelReadDBWrite"/>
  <testcase name="excelWrite" time="0.994" classname="dataBase.DBReadExcelWrite"/>
  <testcase name="MySQLInsert" time="1.026" classname="dataBase.ExcelReadDBWrite"/>
</testsuite> <!-- Test -->
